<?xml version="1.0" encoding="UTF-8"?>
<beans xmlns:xsi="http://www.w3.org/2001/XMLSchema-instance"
       xmlns:task="http://www.springframework.org/schema/task"
       xmlns:context="http://www.springframework.org/schema/context"
       xmlns="http://www.springframework.org/schema/beans"
       xsi:schemaLocation="
        http://www.springframework.org/schema/task http://www.springframework.org/schema/task/spring-task-3.1.xsd
        http://www.springframework.org/schema/context http://www.springframework.org/schema/context/spring-context-2.5.xsd
        http://www.springframework.org/schema/beans http://www.springframework.org/schema/beans/spring-beans.xsd">

    <!--工厂类都是静态的，这意味着用户在无须创建工厂类实例的情况下就可以调用工厂类方法，因此，静态工厂方法比非静态工厂方法的调用更加方便。-->
    <!--    <bean id="car7" class="com.kblive.usersystem.web.car.CarFactory"-->
    <!--          factory-method="createCar">-->
    <!--    </bean>-->

</beans>